2020-03-24 08:53:13.746 [restartedMain] INFO  com.jl.BlogApplication - Starting BlogApplication on AI_jianglei_ccs with PID 12588 (D:\Channel_centralization-20190815\blog\target\classes started by 24246 in D:\Channel_centralization-20190815\blog)
2020-03-24 08:53:13.755 [restartedMain] INFO  com.jl.BlogApplication - The following profiles are active: dev
2020-03-24 08:53:13.954 [restartedMain] INFO  o.s.b.d.env.DevToolsPropertyDefaultsPostProcessor - Devtools property defaults active! Set 'spring.devtools.add-properties' to 'false' to disable
2020-03-24 08:53:13.955 [restartedMain] INFO  o.s.b.d.env.DevToolsPropertyDefaultsPostProcessor - For additional web related logging consider setting the 'logging.level.web' property to 'DEBUG'
2020-03-24 08:53:15.523 [restartedMain] INFO  o.s.d.r.config.RepositoryConfigurationDelegate - Multiple Spring Data modules found, entering strict repository configuration mode!
2020-03-24 08:53:15.525 [restartedMain] INFO  o.s.d.r.config.RepositoryConfigurationDelegate - Bootstrapping Spring Data repositories in DEFAULT mode.
2020-03-24 08:53:15.639 [restartedMain] INFO  o.s.d.r.c.RepositoryConfigurationExtensionSupport - Spring Data Elasticsearch - Could not safely identify store assignment for repository candidate interface com.jl.dao.BlogRepository.
2020-03-24 08:53:15.641 [restartedMain] INFO  o.s.d.r.c.RepositoryConfigurationExtensionSupport - Spring Data Elasticsearch - Could not safely identify store assignment for repository candidate interface com.jl.dao.CommentRepository.
2020-03-24 08:53:15.642 [restartedMain] INFO  o.s.d.r.c.RepositoryConfigurationExtensionSupport - Spring Data Elasticsearch - Could not safely identify store assignment for repository candidate interface com.jl.dao.TagRepository.
2020-03-24 08:53:15.644 [restartedMain] INFO  o.s.d.r.c.RepositoryConfigurationExtensionSupport - Spring Data Elasticsearch - Could not safely identify store assignment for repository candidate interface com.jl.dao.TypeRepository.
2020-03-24 08:53:15.645 [restartedMain] INFO  o.s.d.r.c.RepositoryConfigurationExtensionSupport - Spring Data Elasticsearch - Could not safely identify store assignment for repository candidate interface com.jl.dao.UserRepository.
2020-03-24 08:53:15.646 [restartedMain] INFO  o.s.d.r.config.RepositoryConfigurationDelegate - Finished Spring Data repository scanning in 99ms. Found 0 repository interfaces.
2020-03-24 08:53:15.667 [restartedMain] INFO  o.s.d.r.config.RepositoryConfigurationDelegate - Multiple Spring Data modules found, entering strict repository configuration mode!
2020-03-24 08:53:15.667 [restartedMain] INFO  o.s.d.r.config.RepositoryConfigurationDelegate - Bootstrapping Spring Data repositories in DEFAULT mode.
2020-03-24 08:53:15.760 [restartedMain] INFO  o.s.d.r.config.RepositoryConfigurationDelegate - Finished Spring Data repository scanning in 86ms. Found 5 repository interfaces.
2020-03-24 08:53:16.352 [restartedMain] INFO  o.s.c.s.PostProcessorRegistrationDelegate$BeanPostProcessorChecker - Bean 'org.springframework.transaction.annotation.ProxyTransactionManagementConfiguration' of type [org.springframework.transaction.annotation.ProxyTransactionManagementConfiguration$$EnhancerBySpringCGLIB$$9f6a96c6] is not eligible for getting processed by all BeanPostProcessors (for example: not eligible for auto-proxying)
2020-03-24 08:53:17.187 [restartedMain] INFO  o.s.boot.web.embedded.tomcat.TomcatWebServer - Tomcat initialized with port(s): 8080 (http)
2020-03-24 08:53:17.211 [restartedMain] INFO  org.apache.coyote.http11.Http11NioProtocol - Initializing ProtocolHandler ["http-nio-8080"]
2020-03-24 08:53:17.222 [restartedMain] INFO  org.apache.catalina.core.StandardService - Starting service [Tomcat]
2020-03-24 08:53:17.222 [restartedMain] INFO  org.apache.catalina.core.StandardEngine - Starting Servlet engine: [Apache Tomcat/9.0.22]
2020-03-24 08:53:17.440 [restartedMain] INFO  o.a.c.core.ContainerBase.[Tomcat].[localhost].[/] - Initializing Spring embedded WebApplicationContext
2020-03-24 08:53:17.440 [restartedMain] INFO  org.springframework.web.context.ContextLoader - Root WebApplicationContext: initialization completed in 3484 ms
2020-03-24 08:53:17.714 [restartedMain] INFO  com.zaxxer.hikari.HikariDataSource - HikariPool-1 - Starting...
2020-03-24 08:53:18.394 [restartedMain] INFO  com.zaxxer.hikari.HikariDataSource - HikariPool-1 - Start completed.
2020-03-24 08:53:18.527 [restartedMain] INFO  org.hibernate.jpa.internal.util.LogHelper - HHH000204: Processing PersistenceUnitInfo [
	name: default
	...]
2020-03-24 08:53:18.679 [restartedMain] INFO  org.hibernate.Version - HHH000412: Hibernate Core {5.3.10.Final}
2020-03-24 08:53:18.682 [restartedMain] INFO  org.hibernate.cfg.Environment - HHH000206: hibernate.properties not found
2020-03-24 08:53:19.378 [restartedMain] INFO  org.hibernate.annotations.common.Version - HCANN000001: Hibernate Commons Annotations {5.0.4.Final}
2020-03-24 08:53:20.110 [restartedMain] INFO  org.hibernate.dialect.Dialect - HHH000400: Using dialect: org.hibernate.dialect.MySQL5Dialect
2020-03-24 08:53:22.821 [restartedMain] INFO  o.s.orm.jpa.LocalContainerEntityManagerFactoryBean - Initialized JPA EntityManagerFactory for persistence unit 'default'
2020-03-24 08:53:22.928 [restartedMain] INFO  o.s.b.d.autoconfigure.OptionalLiveReloadServer - LiveReload server is running on port 35729
2020-03-24 08:53:23.453 [restartedMain] INFO  o.h.hql.internal.QueryTranslatorFactoryInitiator - HHH000397: Using ASTQueryTranslatorFactory
2020-03-24 08:53:24.496 [restartedMain] INFO  o.s.scheduling.concurrent.ThreadPoolTaskExecutor - Initializing ExecutorService 'applicationTaskExecutor'
2020-03-24 08:53:24.757 [restartedMain] INFO  o.s.b.a.web.servlet.WelcomePageHandlerMapping - Adding welcome page template: index
2020-03-24 08:53:25.677 [restartedMain] INFO  org.apache.coyote.http11.Http11NioProtocol - Starting ProtocolHandler ["http-nio-8080"]
2020-03-24 08:53:25.700 [restartedMain] INFO  o.s.boot.web.embedded.tomcat.TomcatWebServer - Tomcat started on port(s): 8080 (http) with context path ''
2020-03-24 08:53:25.703 [restartedMain] INFO  com.jl.BlogApplication - Started BlogApplication in 13.231 seconds (JVM running for 15.603)
2020-03-24 08:53:30.142 [http-nio-8080-exec-1] INFO  o.a.c.core.ContainerBase.[Tomcat].[localhost].[/] - Initializing Spring DispatcherServlet 'dispatcherServlet'
2020-03-24 08:53:30.143 [http-nio-8080-exec-1] INFO  org.springframework.web.servlet.DispatcherServlet - Initializing Servlet 'dispatcherServlet'
2020-03-24 08:53:30.158 [http-nio-8080-exec-1] INFO  org.springframework.web.servlet.DispatcherServlet - Completed initialization in 15 ms
2020-03-24 08:53:30.200 [http-nio-8080-exec-1] INFO  com.jl.asspect.LogAspect - Request :RequestLog{url='http://localhost:8080/', ip='0:0:0:0:0:0:0:1', classMethod='com.jl.web.IndexController.index', args=[Page request [number: 0, size 8, sort: updateTime: DESC], {}]}
2020-03-24 08:53:31.019 [http-nio-8080-exec-1] INFO  com.jl.asspect.LogAspect - --------------------doAfter-----------------
2020-03-24 08:53:31.020 [http-nio-8080-exec-1] INFO  com.jl.asspect.LogAspect - Result : index
2020-03-24 08:53:32.614 [http-nio-8080-exec-3] INFO  com.jl.asspect.LogAspect - Request :RequestLog{url='http://localhost:8080/footer/newblog', ip='0:0:0:0:0:0:0:1', classMethod='com.jl.web.IndexController.newblogs', args=[{}]}
2020-03-24 08:53:32.795 [http-nio-8080-exec-3] INFO  com.jl.asspect.LogAspect - --------------------doAfter-----------------
2020-03-24 08:53:32.796 [http-nio-8080-exec-3] INFO  com.jl.asspect.LogAspect - Result : _fragments :: newblogList
2020-03-24 08:55:46.226 [Thread-25] INFO  o.s.scheduling.concurrent.ThreadPoolTaskExecutor - Shutting down ExecutorService 'applicationTaskExecutor'
2020-03-24 08:55:46.228 [Thread-25] INFO  o.s.orm.jpa.LocalContainerEntityManagerFactoryBean - Closing JPA EntityManagerFactory for persistence unit 'default'
2020-03-24 08:55:46.233 [Thread-25] INFO  com.zaxxer.hikari.HikariDataSource - HikariPool-1 - Shutdown initiated...
2020-03-24 08:55:46.238 [Thread-25] INFO  com.zaxxer.hikari.HikariDataSource - HikariPool-1 - Shutdown completed.
2020-03-24 08:55:47.008 [restartedMain] INFO  com.jl.BlogApplication - Starting BlogApplication on AI_jianglei_ccs with PID 12588 (D:\Channel_centralization-20190815\blog\target\classes started by 24246 in D:\Channel_centralization-20190815\blog)
2020-03-24 08:55:47.008 [restartedMain] INFO  com.jl.BlogApplication - The following profiles are active: dev
2020-03-24 08:55:47.508 [restartedMain] INFO  o.s.d.r.config.RepositoryConfigurationDelegate - Multiple Spring Data modules found, entering strict repository configuration mode!
2020-03-24 08:55:47.508 [restartedMain] INFO  o.s.d.r.config.RepositoryConfigurationDelegate - Bootstrapping Spring Data repositories in DEFAULT mode.
2020-03-24 08:55:47.534 [restartedMain] INFO  o.s.d.r.c.RepositoryConfigurationExtensionSupport - Spring Data Elasticsearch - Could not safely identify store assignment for repository candidate interface com.jl.dao.BlogRepository.
2020-03-24 08:55:47.537 [restartedMain] INFO  o.s.d.r.c.RepositoryConfigurationExtensionSupport - Spring Data Elasticsearch - Could not safely identify store assignment for repository candidate interface com.jl.dao.CommentRepository.
2020-03-24 08:55:47.540 [restartedMain] INFO  o.s.d.r.c.RepositoryConfigurationExtensionSupport - Spring Data Elasticsearch - Could not safely identify store assignment for repository candidate interface com.jl.dao.TagRepository.
2020-03-24 08:55:47.542 [restartedMain] INFO  o.s.d.r.c.RepositoryConfigurationExtensionSupport - Spring Data Elasticsearch - Could not safely identify store assignment for repository candidate interface com.jl.dao.TypeRepository.
2020-03-24 08:55:47.543 [restartedMain] INFO  o.s.d.r.c.RepositoryConfigurationExtensionSupport - Spring Data Elasticsearch - Could not safely identify store assignment for repository candidate interface com.jl.dao.UserRepository.
2020-03-24 08:55:47.543 [restartedMain] INFO  o.s.d.r.config.RepositoryConfigurationDelegate - Finished Spring Data repository scanning in 35ms. Found 0 repository interfaces.
2020-03-24 08:55:47.548 [restartedMain] INFO  o.s.d.r.config.RepositoryConfigurationDelegate - Multiple Spring Data modules found, entering strict repository configuration mode!
2020-03-24 08:55:47.549 [restartedMain] INFO  o.s.d.r.config.RepositoryConfigurationDelegate - Bootstrapping Spring Data repositories in DEFAULT mode.
2020-03-24 08:55:47.596 [restartedMain] INFO  o.s.d.r.config.RepositoryConfigurationDelegate - Finished Spring Data repository scanning in 47ms. Found 5 repository interfaces.
2020-03-24 08:55:47.697 [restartedMain] INFO  o.s.c.s.PostProcessorRegistrationDelegate$BeanPostProcessorChecker - Bean 'org.springframework.transaction.annotation.ProxyTransactionManagementConfiguration' of type [org.springframework.transaction.annotation.ProxyTransactionManagementConfiguration$$EnhancerBySpringCGLIB$$9f6a96c6] is not eligible for getting processed by all BeanPostProcessors (for example: not eligible for auto-proxying)
2020-03-24 08:55:48.077 [restartedMain] INFO  o.s.boot.web.embedded.tomcat.TomcatWebServer - Tomcat initialized with port(s): 8080 (http)
2020-03-24 08:55:48.079 [restartedMain] INFO  org.apache.coyote.http11.Http11NioProtocol - Initializing ProtocolHandler ["http-nio-8080"]
2020-03-24 08:55:48.080 [restartedMain] INFO  org.apache.catalina.core.StandardService - Starting service [Tomcat]
2020-03-24 08:55:48.080 [restartedMain] INFO  org.apache.catalina.core.StandardEngine - Starting Servlet engine: [Apache Tomcat/9.0.22]
2020-03-24 08:55:48.116 [restartedMain] INFO  o.a.c.core.ContainerBase.[Tomcat].[localhost].[/] - Initializing Spring embedded WebApplicationContext
2020-03-24 08:55:48.116 [restartedMain] INFO  org.springframework.web.context.ContextLoader - Root WebApplicationContext: initialization completed in 1105 ms
2020-03-24 08:55:48.257 [restartedMain] INFO  com.zaxxer.hikari.HikariDataSource - HikariPool-2 - Starting...
2020-03-24 08:55:48.552 [restartedMain] INFO  com.zaxxer.hikari.HikariDataSource - HikariPool-2 - Start completed.
2020-03-24 08:55:48.572 [restartedMain] INFO  org.hibernate.jpa.internal.util.LogHelper - HHH000204: Processing PersistenceUnitInfo [
	name: default
	...]
2020-03-24 08:55:48.727 [restartedMain] INFO  org.hibernate.dialect.Dialect - HHH000400: Using dialect: org.hibernate.dialect.MySQL5Dialect
2020-03-24 08:56:06.152 [restartedMain] INFO  com.jl.BlogApplication - Starting BlogApplication on AI_jianglei_ccs with PID 19828 (D:\Channel_centralization-20190815\blog\target\classes started by 24246 in D:\Channel_centralization-20190815\blog)
2020-03-24 08:56:06.155 [restartedMain] INFO  com.jl.BlogApplication - The following profiles are active: dev
2020-03-24 08:56:06.206 [restartedMain] INFO  o.s.b.d.env.DevToolsPropertyDefaultsPostProcessor - Devtools property defaults active! Set 'spring.devtools.add-properties' to 'false' to disable
2020-03-24 08:56:06.207 [restartedMain] INFO  o.s.b.d.env.DevToolsPropertyDefaultsPostProcessor - For additional web related logging consider setting the 'logging.level.web' property to 'DEBUG'
2020-03-24 08:56:07.080 [restartedMain] INFO  o.s.d.r.config.RepositoryConfigurationDelegate - Multiple Spring Data modules found, entering strict repository configuration mode!
2020-03-24 08:56:07.082 [restartedMain] INFO  o.s.d.r.config.RepositoryConfigurationDelegate - Bootstrapping Spring Data repositories in DEFAULT mode.
2020-03-24 08:56:07.139 [restartedMain] INFO  o.s.d.r.c.RepositoryConfigurationExtensionSupport - Spring Data Elasticsearch - Could not safely identify store assignment for repository candidate interface com.jl.dao.BlogRepository.
2020-03-24 08:56:07.141 [restartedMain] INFO  o.s.d.r.c.RepositoryConfigurationExtensionSupport - Spring Data Elasticsearch - Could not safely identify store assignment for repository candidate interface com.jl.dao.CommentRepository.
2020-03-24 08:56:07.143 [restartedMain] INFO  o.s.d.r.c.RepositoryConfigurationExtensionSupport - Spring Data Elasticsearch - Could not safely identify store assignment for repository candidate interface com.jl.dao.TagRepository.
2020-03-24 08:56:07.145 [restartedMain] INFO  o.s.d.r.c.RepositoryConfigurationExtensionSupport - Spring Data Elasticsearch - Could not safely identify store assignment for repository candidate interface com.jl.dao.TypeRepository.
2020-03-24 08:56:07.147 [restartedMain] INFO  o.s.d.r.c.RepositoryConfigurationExtensionSupport - Spring Data Elasticsearch - Could not safely identify store assignment for repository candidate interface com.jl.dao.UserRepository.
2020-03-24 08:56:07.148 [restartedMain] INFO  o.s.d.r.config.RepositoryConfigurationDelegate - Finished Spring Data repository scanning in 62ms. Found 0 repository interfaces.
2020-03-24 08:56:07.158 [restartedMain] INFO  o.s.d.r.config.RepositoryConfigurationDelegate - Multiple Spring Data modules found, entering strict repository configuration mode!
2020-03-24 08:56:07.158 [restartedMain] INFO  o.s.d.r.config.RepositoryConfigurationDelegate - Bootstrapping Spring Data repositories in DEFAULT mode.
2020-03-24 08:56:07.276 [restartedMain] INFO  o.s.d.r.config.RepositoryConfigurationDelegate - Finished Spring Data repository scanning in 112ms. Found 5 repository interfaces.
2020-03-24 08:56:07.771 [restartedMain] INFO  o.s.c.s.PostProcessorRegistrationDelegate$BeanPostProcessorChecker - Bean 'org.springframework.transaction.annotation.ProxyTransactionManagementConfiguration' of type [org.springframework.transaction.annotation.ProxyTransactionManagementConfiguration$$EnhancerBySpringCGLIB$$45fce47a] is not eligible for getting processed by all BeanPostProcessors (for example: not eligible for auto-proxying)
2020-03-24 08:56:08.619 [restartedMain] INFO  o.s.boot.web.embedded.tomcat.TomcatWebServer - Tomcat initialized with port(s): 8080 (http)
2020-03-24 08:56:08.641 [restartedMain] INFO  org.apache.coyote.http11.Http11NioProtocol - Initializing ProtocolHandler ["http-nio-8080"]
2020-03-24 08:56:08.657 [restartedMain] INFO  org.apache.catalina.core.StandardService - Starting service [Tomcat]
2020-03-24 08:56:08.657 [restartedMain] INFO  org.apache.catalina.core.StandardEngine - Starting Servlet engine: [Apache Tomcat/9.0.22]
2020-03-24 08:56:08.853 [restartedMain] INFO  o.a.c.core.ContainerBase.[Tomcat].[localhost].[/] - Initializing Spring embedded WebApplicationContext
2020-03-24 08:56:08.853 [restartedMain] INFO  org.springframework.web.context.ContextLoader - Root WebApplicationContext: initialization completed in 2646 ms
2020-03-24 08:56:09.142 [restartedMain] INFO  com.zaxxer.hikari.HikariDataSource - HikariPool-1 - Starting...
2020-03-24 08:56:09.595 [restartedMain] INFO  com.zaxxer.hikari.HikariDataSource - HikariPool-1 - Start completed.
2020-03-24 08:56:09.683 [restartedMain] INFO  org.hibernate.jpa.internal.util.LogHelper - HHH000204: Processing PersistenceUnitInfo [
	name: default
	...]
2020-03-24 08:56:09.757 [restartedMain] INFO  org.hibernate.Version - HHH000412: Hibernate Core {5.3.10.Final}
2020-03-24 08:56:09.758 [restartedMain] INFO  org.hibernate.cfg.Environment - HHH000206: hibernate.properties not found
2020-03-24 08:56:09.890 [restartedMain] INFO  org.hibernate.annotations.common.Version - HCANN000001: Hibernate Commons Annotations {5.0.4.Final}
2020-03-24 08:56:10.181 [restartedMain] INFO  org.hibernate.dialect.Dialect - HHH000400: Using dialect: org.hibernate.dialect.MySQL5Dialect
2020-03-24 08:56:11.774 [restartedMain] INFO  o.s.orm.jpa.LocalContainerEntityManagerFactoryBean - Initialized JPA EntityManagerFactory for persistence unit 'default'
2020-03-24 08:56:11.881 [restartedMain] INFO  o.s.b.d.autoconfigure.OptionalLiveReloadServer - LiveReload server is running on port 35729
2020-03-24 08:56:12.280 [restartedMain] INFO  o.h.hql.internal.QueryTranslatorFactoryInitiator - HHH000397: Using ASTQueryTranslatorFactory
2020-03-24 08:56:13.279 [restartedMain] INFO  o.s.scheduling.concurrent.ThreadPoolTaskExecutor - Initializing ExecutorService 'applicationTaskExecutor'
2020-03-24 08:56:13.423 [restartedMain] INFO  o.s.b.a.web.servlet.WelcomePageHandlerMapping - Adding welcome page template: index
2020-03-24 08:56:14.384 [restartedMain] INFO  org.apache.coyote.http11.Http11NioProtocol - Starting ProtocolHandler ["http-nio-8080"]
2020-03-24 08:56:14.407 [restartedMain] INFO  o.s.boot.web.embedded.tomcat.TomcatWebServer - Tomcat started on port(s): 8080 (http) with context path ''
2020-03-24 08:56:14.409 [restartedMain] INFO  com.jl.BlogApplication - Started BlogApplication in 8.935 seconds (JVM running for 10.345)
2020-03-24 08:56:21.716 [http-nio-8080-exec-1] INFO  o.a.c.core.ContainerBase.[Tomcat].[localhost].[/] - Initializing Spring DispatcherServlet 'dispatcherServlet'
2020-03-24 08:56:21.717 [http-nio-8080-exec-1] INFO  org.springframework.web.servlet.DispatcherServlet - Initializing Servlet 'dispatcherServlet'
2020-03-24 08:56:21.735 [http-nio-8080-exec-1] INFO  org.springframework.web.servlet.DispatcherServlet - Completed initialization in 18 ms
2020-03-24 08:56:21.780 [http-nio-8080-exec-1] INFO  com.jl.asspect.LogAspect - Request :RequestLog{url='http://localhost:8080/', ip='0:0:0:0:0:0:0:1', classMethod='com.jl.web.IndexController.index', args=[Page request [number: 0, size 7, sort: updateTime: DESC], {}]}
2020-03-24 08:56:22.857 [http-nio-8080-exec-1] INFO  com.jl.asspect.LogAspect - --------------------doAfter-----------------
2020-03-24 08:56:22.858 [http-nio-8080-exec-1] INFO  com.jl.asspect.LogAspect - Result : index
2020-03-24 08:56:24.505 [http-nio-8080-exec-3] INFO  com.jl.asspect.LogAspect - Request :RequestLog{url='http://localhost:8080/footer/newblog', ip='0:0:0:0:0:0:0:1', classMethod='com.jl.web.IndexController.newblogs', args=[{}]}
2020-03-24 08:56:24.712 [http-nio-8080-exec-3] INFO  com.jl.asspect.LogAspect - --------------------doAfter-----------------
2020-03-24 08:56:24.713 [http-nio-8080-exec-3] INFO  com.jl.asspect.LogAspect - Result : _fragments :: newblogList
2020-03-24 08:56:31.712 [http-nio-8080-exec-2] INFO  com.jl.asspect.LogAspect - Request :RequestLog{url='http://localhost:8080/', ip='0:0:0:0:0:0:0:1', classMethod='com.jl.web.IndexController.index', args=[Page request [number: 1, size 7, sort: updateTime: DESC], {}]}
2020-03-24 08:56:32.205 [http-nio-8080-exec-2] INFO  com.jl.asspect.LogAspect - --------------------doAfter-----------------
2020-03-24 08:56:32.206 [http-nio-8080-exec-2] INFO  com.jl.asspect.LogAspect - Result : index
2020-03-24 08:56:33.137 [http-nio-8080-exec-5] INFO  com.jl.asspect.LogAspect - Request :RequestLog{url='http://localhost:8080/footer/newblog', ip='0:0:0:0:0:0:0:1', classMethod='com.jl.web.IndexController.newblogs', args=[{}]}
2020-03-24 08:56:33.345 [http-nio-8080-exec-5] INFO  com.jl.asspect.LogAspect - --------------------doAfter-----------------
2020-03-24 08:56:33.345 [http-nio-8080-exec-5] INFO  com.jl.asspect.LogAspect - Result : _fragments :: newblogList
2020-03-24 08:56:36.318 [http-nio-8080-exec-1] INFO  com.jl.asspect.LogAspect - Request :RequestLog{url='http://localhost:8080/', ip='0:0:0:0:0:0:0:1', classMethod='com.jl.web.IndexController.index', args=[Page request [number: 0, size 7, sort: updateTime: DESC], {}]}
2020-03-24 08:56:36.924 [http-nio-8080-exec-1] INFO  com.jl.asspect.LogAspect - --------------------doAfter-----------------
2020-03-24 08:56:36.924 [http-nio-8080-exec-1] INFO  com.jl.asspect.LogAspect - Result : index
2020-03-24 08:56:37.854 [http-nio-8080-exec-4] INFO  com.jl.asspect.LogAspect - Request :RequestLog{url='http://localhost:8080/footer/newblog', ip='0:0:0:0:0:0:0:1', classMethod='com.jl.web.IndexController.newblogs', args=[{}]}
2020-03-24 08:56:38.016 [http-nio-8080-exec-4] INFO  com.jl.asspect.LogAspect - --------------------doAfter-----------------
2020-03-24 08:56:38.016 [http-nio-8080-exec-4] INFO  com.jl.asspect.LogAspect - Result : _fragments :: newblogList
2020-03-24 08:56:55.173 [http-nio-8080-exec-9] INFO  com.jl.asspect.LogAspect - Request :RequestLog{url='http://localhost:8080/', ip='0:0:0:0:0:0:0:1', classMethod='com.jl.web.IndexController.index', args=[Page request [number: 0, size 7, sort: updateTime: DESC], {}]}
2020-03-24 08:56:55.928 [http-nio-8080-exec-9] INFO  com.jl.asspect.LogAspect - --------------------doAfter-----------------
2020-03-24 08:56:55.928 [http-nio-8080-exec-9] INFO  com.jl.asspect.LogAspect - Result : index
2020-03-24 08:56:56.953 [http-nio-8080-exec-7] INFO  com.jl.asspect.LogAspect - Request :RequestLog{url='http://localhost:8080/footer/newblog', ip='0:0:0:0:0:0:0:1', classMethod='com.jl.web.IndexController.newblogs', args=[{}]}
2020-03-24 08:56:57.168 [http-nio-8080-exec-7] INFO  com.jl.asspect.LogAspect - --------------------doAfter-----------------
2020-03-24 08:56:57.169 [http-nio-8080-exec-7] INFO  com.jl.asspect.LogAspect - Result : _fragments :: newblogList
2020-03-24 08:57:00.334 [http-nio-8080-exec-4] INFO  com.jl.asspect.LogAspect - Request :RequestLog{url='http://localhost:8080/types/-1', ip='0:0:0:0:0:0:0:1', classMethod='com.jl.web.TypeShowController.types', args=[Page request [number: 0, size 8, sort: updateTime: DESC], -1, {}]}
2020-03-24 08:57:00.603 [http-nio-8080-exec-4] INFO  com.jl.asspect.LogAspect - --------------------doAfter-----------------
2020-03-24 08:57:00.603 [http-nio-8080-exec-4] INFO  com.jl.asspect.LogAspect - Result : types
2020-03-24 08:57:01.839 [http-nio-8080-exec-9] INFO  com.jl.asspect.LogAspect - Request :RequestLog{url='http://localhost:8080/footer/newblog', ip='0:0:0:0:0:0:0:1', classMethod='com.jl.web.IndexController.newblogs', args=[{}]}
2020-03-24 08:57:02.054 [http-nio-8080-exec-9] INFO  com.jl.asspect.LogAspect - --------------------doAfter-----------------
2020-03-24 08:57:02.055 [http-nio-8080-exec-9] INFO  com.jl.asspect.LogAspect - Result : _fragments :: newblogList
2020-03-24 08:57:02.966 [http-nio-8080-exec-5] INFO  com.jl.asspect.LogAspect - Request :RequestLog{url='http://localhost:8080/tags/-1', ip='0:0:0:0:0:0:0:1', classMethod='com.jl.web.TagShowController.tags', args=[Page request [number: 0, size 8, sort: updateTime: DESC], -1, {}]}
2020-03-24 08:57:03.522 [http-nio-8080-exec-5] INFO  com.jl.asspect.LogAspect - --------------------doAfter-----------------
2020-03-24 08:57:03.522 [http-nio-8080-exec-5] INFO  com.jl.asspect.LogAspect - Result : tags
2020-03-24 08:57:04.685 [http-nio-8080-exec-1] INFO  com.jl.asspect.LogAspect - Request :RequestLog{url='http://localhost:8080/footer/newblog', ip='0:0:0:0:0:0:0:1', classMethod='com.jl.web.IndexController.newblogs', args=[{}]}
2020-03-24 08:57:04.882 [http-nio-8080-exec-1] INFO  com.jl.asspect.LogAspect - --------------------doAfter-----------------
2020-03-24 08:57:04.882 [http-nio-8080-exec-1] INFO  com.jl.asspect.LogAspect - Result : _fragments :: newblogList
2020-03-24 08:57:05.877 [http-nio-8080-exec-4] INFO  com.jl.asspect.LogAspect - Request :RequestLog{url='http://localhost:8080/archives', ip='0:0:0:0:0:0:0:1', classMethod='com.jl.web.ArchiveShowController.archives', args=[{}]}
2020-03-24 08:57:06.650 [http-nio-8080-exec-4] INFO  com.jl.asspect.LogAspect - --------------------doAfter-----------------
2020-03-24 08:57:06.650 [http-nio-8080-exec-4] INFO  com.jl.asspect.LogAspect - Result : archives
2020-03-24 08:57:07.064 [http-nio-8080-exec-3] INFO  com.jl.asspect.LogAspect - Request :RequestLog{url='http://localhost:8080/footer/newblog', ip='0:0:0:0:0:0:0:1', classMethod='com.jl.web.IndexController.newblogs', args=[{}]}
2020-03-24 08:57:07.281 [http-nio-8080-exec-3] INFO  com.jl.asspect.LogAspect - --------------------doAfter-----------------
2020-03-24 08:57:07.281 [http-nio-8080-exec-3] INFO  com.jl.asspect.LogAspect - Result : _fragments :: newblogList
