2020-03-20 10:10:22.778 [restartedMain] INFO  com.jl.BlogApplication - Starting BlogApplication on AI_jianglei_ccs with PID 13180 (D:\Channel_centralization-20190815\blog\target\classes started by 24246 in D:\Channel_centralization-20190815\blog)
2020-03-20 10:10:22.796 [restartedMain] INFO  com.jl.BlogApplication - The following profiles are active: dev
2020-03-20 10:10:22.882 [restartedMain] INFO  o.s.b.d.env.DevToolsPropertyDefaultsPostProcessor - Devtools property defaults active! Set 'spring.devtools.add-properties' to 'false' to disable
2020-03-20 10:10:22.886 [restartedMain] INFO  o.s.b.d.env.DevToolsPropertyDefaultsPostProcessor - For additional web related logging consider setting the 'logging.level.web' property to 'DEBUG'
2020-03-20 10:10:24.700 [restartedMain] INFO  o.s.d.r.config.RepositoryConfigurationDelegate - Multiple Spring Data modules found, entering strict repository configuration mode!
2020-03-20 10:10:24.702 [restartedMain] INFO  o.s.d.r.config.RepositoryConfigurationDelegate - Bootstrapping Spring Data repositories in DEFAULT mode.
2020-03-20 10:10:24.801 [restartedMain] INFO  o.s.d.r.c.RepositoryConfigurationExtensionSupport - Spring Data Elasticsearch - Could not safely identify store assignment for repository candidate interface com.jl.dao.BlogRepository.
2020-03-20 10:10:24.803 [restartedMain] INFO  o.s.d.r.c.RepositoryConfigurationExtensionSupport - Spring Data Elasticsearch - Could not safely identify store assignment for repository candidate interface com.jl.dao.CommentRepository.
2020-03-20 10:10:24.806 [restartedMain] INFO  o.s.d.r.c.RepositoryConfigurationExtensionSupport - Spring Data Elasticsearch - Could not safely identify store assignment for repository candidate interface com.jl.dao.TagRepository.
2020-03-20 10:10:24.809 [restartedMain] INFO  o.s.d.r.c.RepositoryConfigurationExtensionSupport - Spring Data Elasticsearch - Could not safely identify store assignment for repository candidate interface com.jl.dao.TypeRepository.
2020-03-20 10:10:24.813 [restartedMain] INFO  o.s.d.r.c.RepositoryConfigurationExtensionSupport - Spring Data Elasticsearch - Could not safely identify store assignment for repository candidate interface com.jl.dao.UserRepository.
2020-03-20 10:10:24.814 [restartedMain] INFO  o.s.d.r.config.RepositoryConfigurationDelegate - Finished Spring Data repository scanning in 106ms. Found 0 repository interfaces.
2020-03-20 10:10:24.826 [restartedMain] INFO  o.s.d.r.config.RepositoryConfigurationDelegate - Multiple Spring Data modules found, entering strict repository configuration mode!
2020-03-20 10:10:24.827 [restartedMain] INFO  o.s.d.r.config.RepositoryConfigurationDelegate - Bootstrapping Spring Data repositories in DEFAULT mode.
2020-03-20 10:10:24.968 [restartedMain] INFO  o.s.d.r.config.RepositoryConfigurationDelegate - Finished Spring Data repository scanning in 137ms. Found 5 repository interfaces.
2020-03-20 10:10:26.078 [restartedMain] INFO  o.s.c.s.PostProcessorRegistrationDelegate$BeanPostProcessorChecker - Bean 'org.springframework.transaction.annotation.ProxyTransactionManagementConfiguration' of type [org.springframework.transaction.annotation.ProxyTransactionManagementConfiguration$$EnhancerBySpringCGLIB$$2cc0fd48] is not eligible for getting processed by all BeanPostProcessors (for example: not eligible for auto-proxying)
2020-03-20 10:10:27.432 [restartedMain] INFO  o.s.boot.web.embedded.tomcat.TomcatWebServer - Tomcat initialized with port(s): 8080 (http)
2020-03-20 10:10:27.459 [restartedMain] INFO  org.apache.coyote.http11.Http11NioProtocol - Initializing ProtocolHandler ["http-nio-8080"]
2020-03-20 10:10:27.486 [restartedMain] INFO  org.apache.catalina.core.StandardService - Starting service [Tomcat]
2020-03-20 10:10:27.487 [restartedMain] INFO  org.apache.catalina.core.StandardEngine - Starting Servlet engine: [Apache Tomcat/9.0.22]
2020-03-20 10:10:27.755 [restartedMain] INFO  o.a.c.core.ContainerBase.[Tomcat].[localhost].[/] - Initializing Spring embedded WebApplicationContext
2020-03-20 10:10:27.756 [restartedMain] INFO  org.springframework.web.context.ContextLoader - Root WebApplicationContext: initialization completed in 4868 ms
2020-03-20 10:10:28.119 [restartedMain] INFO  com.zaxxer.hikari.HikariDataSource - HikariPool-1 - Starting...
2020-03-20 10:11:43.468 [restartedMain] INFO  com.jl.BlogApplication - Starting BlogApplication on AI_jianglei_ccs with PID 15516 (D:\Channel_centralization-20190815\blog\target\classes started by 24246 in D:\Channel_centralization-20190815\blog)
2020-03-20 10:11:43.470 [restartedMain] INFO  com.jl.BlogApplication - The following profiles are active: dev
2020-03-20 10:11:43.546 [restartedMain] INFO  o.s.b.d.env.DevToolsPropertyDefaultsPostProcessor - Devtools property defaults active! Set 'spring.devtools.add-properties' to 'false' to disable
2020-03-20 10:11:43.547 [restartedMain] INFO  o.s.b.d.env.DevToolsPropertyDefaultsPostProcessor - For additional web related logging consider setting the 'logging.level.web' property to 'DEBUG'
2020-03-20 10:11:45.002 [restartedMain] INFO  o.s.d.r.config.RepositoryConfigurationDelegate - Multiple Spring Data modules found, entering strict repository configuration mode!
2020-03-20 10:11:45.004 [restartedMain] INFO  o.s.d.r.config.RepositoryConfigurationDelegate - Bootstrapping Spring Data repositories in DEFAULT mode.
2020-03-20 10:11:45.107 [restartedMain] INFO  o.s.d.r.c.RepositoryConfigurationExtensionSupport - Spring Data Elasticsearch - Could not safely identify store assignment for repository candidate interface com.jl.dao.BlogRepository.
2020-03-20 10:11:45.109 [restartedMain] INFO  o.s.d.r.c.RepositoryConfigurationExtensionSupport - Spring Data Elasticsearch - Could not safely identify store assignment for repository candidate interface com.jl.dao.CommentRepository.
2020-03-20 10:11:45.110 [restartedMain] INFO  o.s.d.r.c.RepositoryConfigurationExtensionSupport - Spring Data Elasticsearch - Could not safely identify store assignment for repository candidate interface com.jl.dao.TagRepository.
2020-03-20 10:11:45.112 [restartedMain] INFO  o.s.d.r.c.RepositoryConfigurationExtensionSupport - Spring Data Elasticsearch - Could not safely identify store assignment for repository candidate interface com.jl.dao.TypeRepository.
2020-03-20 10:11:45.117 [restartedMain] INFO  o.s.d.r.c.RepositoryConfigurationExtensionSupport - Spring Data Elasticsearch - Could not safely identify store assignment for repository candidate interface com.jl.dao.UserRepository.
2020-03-20 10:11:45.118 [restartedMain] INFO  o.s.d.r.config.RepositoryConfigurationDelegate - Finished Spring Data repository scanning in 106ms. Found 0 repository interfaces.
2020-03-20 10:11:45.132 [restartedMain] INFO  o.s.d.r.config.RepositoryConfigurationDelegate - Multiple Spring Data modules found, entering strict repository configuration mode!
2020-03-20 10:11:45.132 [restartedMain] INFO  o.s.d.r.config.RepositoryConfigurationDelegate - Bootstrapping Spring Data repositories in DEFAULT mode.
2020-03-20 10:11:45.251 [restartedMain] INFO  o.s.d.r.config.RepositoryConfigurationDelegate - Finished Spring Data repository scanning in 113ms. Found 5 repository interfaces.
2020-03-20 10:11:46.023 [restartedMain] INFO  o.s.c.s.PostProcessorRegistrationDelegate$BeanPostProcessorChecker - Bean 'org.springframework.transaction.annotation.ProxyTransactionManagementConfiguration' of type [org.springframework.transaction.annotation.ProxyTransactionManagementConfiguration$$EnhancerBySpringCGLIB$$c3f3608f] is not eligible for getting processed by all BeanPostProcessors (for example: not eligible for auto-proxying)
2020-03-20 10:11:46.868 [restartedMain] INFO  o.s.boot.web.embedded.tomcat.TomcatWebServer - Tomcat initialized with port(s): 8080 (http)
2020-03-20 10:11:46.888 [restartedMain] INFO  org.apache.coyote.http11.Http11NioProtocol - Initializing ProtocolHandler ["http-nio-8080"]
2020-03-20 10:11:46.910 [restartedMain] INFO  org.apache.catalina.core.StandardService - Starting service [Tomcat]
2020-03-20 10:11:46.911 [restartedMain] INFO  org.apache.catalina.core.StandardEngine - Starting Servlet engine: [Apache Tomcat/9.0.22]
2020-03-20 10:11:47.138 [restartedMain] INFO  o.a.c.core.ContainerBase.[Tomcat].[localhost].[/] - Initializing Spring embedded WebApplicationContext
2020-03-20 10:11:47.138 [restartedMain] INFO  org.springframework.web.context.ContextLoader - Root WebApplicationContext: initialization completed in 3591 ms
2020-03-20 10:11:47.426 [restartedMain] INFO  com.zaxxer.hikari.HikariDataSource - HikariPool-1 - Starting...
2020-03-20 10:11:54.003 [restartedMain] INFO  org.hibernate.jpa.internal.util.LogHelper - HHH000204: Processing PersistenceUnitInfo [
	name: default
	...]
2020-03-20 10:11:54.178 [restartedMain] INFO  org.hibernate.Version - HHH000412: Hibernate Core {5.3.10.Final}
2020-03-20 10:11:54.180 [restartedMain] INFO  org.hibernate.cfg.Environment - HHH000206: hibernate.properties not found
2020-03-20 10:11:54.482 [restartedMain] INFO  org.hibernate.annotations.common.Version - HCANN000001: Hibernate Commons Annotations {5.0.4.Final}
2020-03-20 10:11:54.912 [restartedMain] INFO  com.zaxxer.hikari.HikariDataSource - HikariPool-1 - Starting...
2020-03-20 10:11:55.924 [restartedMain] INFO  org.apache.catalina.core.StandardService - Stopping service [Tomcat]
2020-03-20 10:11:55.946 [restartedMain] INFO  o.s.b.a.l.ConditionEvaluationReportLoggingListener - 

Error starting ApplicationContext. To display the conditions report re-run your application with 'debug' enabled.
2020-03-20 10:12:03.625 [restartedMain] INFO  com.jl.BlogApplication - Starting BlogApplication on AI_jianglei_ccs with PID 14680 (D:\Channel_centralization-20190815\blog\target\classes started by 24246 in D:\Channel_centralization-20190815\blog)
2020-03-20 10:12:03.629 [restartedMain] INFO  com.jl.BlogApplication - The following profiles are active: dev
2020-03-20 10:12:03.722 [restartedMain] INFO  o.s.b.d.env.DevToolsPropertyDefaultsPostProcessor - Devtools property defaults active! Set 'spring.devtools.add-properties' to 'false' to disable
2020-03-20 10:12:03.723 [restartedMain] INFO  o.s.b.d.env.DevToolsPropertyDefaultsPostProcessor - For additional web related logging consider setting the 'logging.level.web' property to 'DEBUG'
2020-03-20 10:12:05.365 [restartedMain] INFO  o.s.d.r.config.RepositoryConfigurationDelegate - Multiple Spring Data modules found, entering strict repository configuration mode!
2020-03-20 10:12:05.372 [restartedMain] INFO  o.s.d.r.config.RepositoryConfigurationDelegate - Bootstrapping Spring Data repositories in DEFAULT mode.
2020-03-20 10:12:05.507 [restartedMain] INFO  o.s.d.r.c.RepositoryConfigurationExtensionSupport - Spring Data Elasticsearch - Could not safely identify store assignment for repository candidate interface com.jl.dao.BlogRepository.
2020-03-20 10:12:05.512 [restartedMain] INFO  o.s.d.r.c.RepositoryConfigurationExtensionSupport - Spring Data Elasticsearch - Could not safely identify store assignment for repository candidate interface com.jl.dao.CommentRepository.
2020-03-20 10:12:05.524 [restartedMain] INFO  o.s.d.r.c.RepositoryConfigurationExtensionSupport - Spring Data Elasticsearch - Could not safely identify store assignment for repository candidate interface com.jl.dao.TagRepository.
2020-03-20 10:12:05.527 [restartedMain] INFO  o.s.d.r.c.RepositoryConfigurationExtensionSupport - Spring Data Elasticsearch - Could not safely identify store assignment for repository candidate interface com.jl.dao.TypeRepository.
2020-03-20 10:12:05.530 [restartedMain] INFO  o.s.d.r.c.RepositoryConfigurationExtensionSupport - Spring Data Elasticsearch - Could not safely identify store assignment for repository candidate interface com.jl.dao.UserRepository.
2020-03-20 10:12:05.530 [restartedMain] INFO  o.s.d.r.config.RepositoryConfigurationDelegate - Finished Spring Data repository scanning in 149ms. Found 0 repository interfaces.
2020-03-20 10:12:05.572 [restartedMain] INFO  o.s.d.r.config.RepositoryConfigurationDelegate - Multiple Spring Data modules found, entering strict repository configuration mode!
2020-03-20 10:12:05.573 [restartedMain] INFO  o.s.d.r.config.RepositoryConfigurationDelegate - Bootstrapping Spring Data repositories in DEFAULT mode.
2020-03-20 10:12:05.733 [restartedMain] INFO  o.s.d.r.config.RepositoryConfigurationDelegate - Finished Spring Data repository scanning in 150ms. Found 5 repository interfaces.
2020-03-20 10:12:06.438 [restartedMain] INFO  o.s.c.s.PostProcessorRegistrationDelegate$BeanPostProcessorChecker - Bean 'org.springframework.transaction.annotation.ProxyTransactionManagementConfiguration' of type [org.springframework.transaction.annotation.ProxyTransactionManagementConfiguration$$EnhancerBySpringCGLIB$$1c1c6622] is not eligible for getting processed by all BeanPostProcessors (for example: not eligible for auto-proxying)
2020-03-20 10:12:07.306 [restartedMain] INFO  o.s.boot.web.embedded.tomcat.TomcatWebServer - Tomcat initialized with port(s): 8080 (http)
2020-03-20 10:12:07.328 [restartedMain] INFO  org.apache.coyote.http11.Http11NioProtocol - Initializing ProtocolHandler ["http-nio-8080"]
2020-03-20 10:12:07.350 [restartedMain] INFO  org.apache.catalina.core.StandardService - Starting service [Tomcat]
2020-03-20 10:12:07.351 [restartedMain] INFO  org.apache.catalina.core.StandardEngine - Starting Servlet engine: [Apache Tomcat/9.0.22]
2020-03-20 10:12:07.612 [restartedMain] INFO  o.a.c.core.ContainerBase.[Tomcat].[localhost].[/] - Initializing Spring embedded WebApplicationContext
2020-03-20 10:12:07.613 [restartedMain] INFO  org.springframework.web.context.ContextLoader - Root WebApplicationContext: initialization completed in 3890 ms
2020-03-20 10:43:16.376 [restartedMain] INFO  com.jl.BlogApplication - Starting BlogApplication on AI_jianglei_ccs with PID 11684 (D:\Channel_centralization-20190815\blog\target\classes started by 24246 in D:\Channel_centralization-20190815\blog)
2020-03-20 10:43:16.399 [restartedMain] INFO  com.jl.BlogApplication - The following profiles are active: dev
2020-03-20 10:43:16.492 [restartedMain] INFO  o.s.b.d.env.DevToolsPropertyDefaultsPostProcessor - Devtools property defaults active! Set 'spring.devtools.add-properties' to 'false' to disable
2020-03-20 10:43:16.493 [restartedMain] INFO  o.s.b.d.env.DevToolsPropertyDefaultsPostProcessor - For additional web related logging consider setting the 'logging.level.web' property to 'DEBUG'
2020-03-20 10:43:17.922 [restartedMain] INFO  o.s.d.r.config.RepositoryConfigurationDelegate - Multiple Spring Data modules found, entering strict repository configuration mode!
2020-03-20 10:43:17.928 [restartedMain] INFO  o.s.d.r.config.RepositoryConfigurationDelegate - Bootstrapping Spring Data repositories in DEFAULT mode.
2020-03-20 10:43:18.008 [restartedMain] INFO  o.s.d.r.c.RepositoryConfigurationExtensionSupport - Spring Data Elasticsearch - Could not safely identify store assignment for repository candidate interface com.jl.dao.BlogRepository.
2020-03-20 10:43:18.010 [restartedMain] INFO  o.s.d.r.c.RepositoryConfigurationExtensionSupport - Spring Data Elasticsearch - Could not safely identify store assignment for repository candidate interface com.jl.dao.CommentRepository.
2020-03-20 10:43:18.011 [restartedMain] INFO  o.s.d.r.c.RepositoryConfigurationExtensionSupport - Spring Data Elasticsearch - Could not safely identify store assignment for repository candidate interface com.jl.dao.TagRepository.
2020-03-20 10:43:18.013 [restartedMain] INFO  o.s.d.r.c.RepositoryConfigurationExtensionSupport - Spring Data Elasticsearch - Could not safely identify store assignment for repository candidate interface com.jl.dao.TypeRepository.
2020-03-20 10:43:18.014 [restartedMain] INFO  o.s.d.r.c.RepositoryConfigurationExtensionSupport - Spring Data Elasticsearch - Could not safely identify store assignment for repository candidate interface com.jl.dao.UserRepository.
2020-03-20 10:43:18.015 [restartedMain] INFO  o.s.d.r.config.RepositoryConfigurationDelegate - Finished Spring Data repository scanning in 74ms. Found 0 repository interfaces.
2020-03-20 10:43:18.028 [restartedMain] INFO  o.s.d.r.config.RepositoryConfigurationDelegate - Multiple Spring Data modules found, entering strict repository configuration mode!
2020-03-20 10:43:18.029 [restartedMain] INFO  o.s.d.r.config.RepositoryConfigurationDelegate - Bootstrapping Spring Data repositories in DEFAULT mode.
2020-03-20 10:43:18.150 [restartedMain] INFO  o.s.d.r.config.RepositoryConfigurationDelegate - Finished Spring Data repository scanning in 112ms. Found 5 repository interfaces.
2020-03-20 10:43:18.841 [restartedMain] INFO  o.s.c.s.PostProcessorRegistrationDelegate$BeanPostProcessorChecker - Bean 'org.springframework.transaction.annotation.ProxyTransactionManagementConfiguration' of type [org.springframework.transaction.annotation.ProxyTransactionManagementConfiguration$$EnhancerBySpringCGLIB$$abbe0e09] is not eligible for getting processed by all BeanPostProcessors (for example: not eligible for auto-proxying)
2020-03-20 10:43:19.893 [restartedMain] INFO  o.s.boot.web.embedded.tomcat.TomcatWebServer - Tomcat initialized with port(s): 80 (http)
2020-03-20 10:43:19.923 [restartedMain] INFO  org.apache.coyote.http11.Http11NioProtocol - Initializing ProtocolHandler ["http-nio-80"]
2020-03-20 10:43:19.954 [restartedMain] INFO  org.apache.catalina.core.StandardService - Starting service [Tomcat]
2020-03-20 10:43:19.954 [restartedMain] INFO  org.apache.catalina.core.StandardEngine - Starting Servlet engine: [Apache Tomcat/9.0.22]
2020-03-20 10:43:20.200 [restartedMain] INFO  o.a.c.core.ContainerBase.[Tomcat].[localhost].[/] - Initializing Spring embedded WebApplicationContext
2020-03-20 10:43:20.200 [restartedMain] INFO  org.springframework.web.context.ContextLoader - Root WebApplicationContext: initialization completed in 3707 ms
2020-03-20 10:43:20.604 [restartedMain] INFO  com.zaxxer.hikari.HikariDataSource - HikariPool-1 - Starting...
2020-03-20 10:43:22.005 [restartedMain] INFO  org.hibernate.jpa.internal.util.LogHelper - HHH000204: Processing PersistenceUnitInfo [
	name: default
	...]
2020-03-20 10:43:22.196 [restartedMain] INFO  org.hibernate.Version - HHH000412: Hibernate Core {5.3.10.Final}
2020-03-20 10:43:22.199 [restartedMain] INFO  org.hibernate.cfg.Environment - HHH000206: hibernate.properties not found
2020-03-20 10:43:22.518 [restartedMain] INFO  org.hibernate.annotations.common.Version - HCANN000001: Hibernate Commons Annotations {5.0.4.Final}
2020-03-20 10:43:22.938 [restartedMain] INFO  com.zaxxer.hikari.HikariDataSource - HikariPool-1 - Starting...
2020-03-20 10:43:23.985 [restartedMain] INFO  org.apache.catalina.core.StandardService - Stopping service [Tomcat]
2020-03-20 10:43:23.997 [restartedMain] INFO  o.s.b.a.l.ConditionEvaluationReportLoggingListener - 

Error starting ApplicationContext. To display the conditions report re-run your application with 'debug' enabled.
2020-03-20 10:53:29.694 [restartedMain] INFO  com.jl.BlogApplication - Starting BlogApplication on AI_jianglei_ccs with PID 16352 (D:\Channel_centralization-20190815\blog\target\classes started by 24246 in D:\Channel_centralization-20190815\blog)
2020-03-20 10:53:29.697 [restartedMain] INFO  com.jl.BlogApplication - The following profiles are active: dev
2020-03-20 10:53:29.756 [restartedMain] INFO  o.s.b.d.env.DevToolsPropertyDefaultsPostProcessor - Devtools property defaults active! Set 'spring.devtools.add-properties' to 'false' to disable
2020-03-20 10:53:29.756 [restartedMain] INFO  o.s.b.d.env.DevToolsPropertyDefaultsPostProcessor - For additional web related logging consider setting the 'logging.level.web' property to 'DEBUG'
2020-03-20 10:53:30.929 [restartedMain] INFO  o.s.d.r.config.RepositoryConfigurationDelegate - Multiple Spring Data modules found, entering strict repository configuration mode!
2020-03-20 10:53:30.932 [restartedMain] INFO  o.s.d.r.config.RepositoryConfigurationDelegate - Bootstrapping Spring Data repositories in DEFAULT mode.
2020-03-20 10:53:31.006 [restartedMain] INFO  o.s.d.r.c.RepositoryConfigurationExtensionSupport - Spring Data Elasticsearch - Could not safely identify store assignment for repository candidate interface com.jl.dao.BlogRepository.
2020-03-20 10:53:31.008 [restartedMain] INFO  o.s.d.r.c.RepositoryConfigurationExtensionSupport - Spring Data Elasticsearch - Could not safely identify store assignment for repository candidate interface com.jl.dao.CommentRepository.
2020-03-20 10:53:31.011 [restartedMain] INFO  o.s.d.r.c.RepositoryConfigurationExtensionSupport - Spring Data Elasticsearch - Could not safely identify store assignment for repository candidate interface com.jl.dao.TagRepository.
2020-03-20 10:53:31.013 [restartedMain] INFO  o.s.d.r.c.RepositoryConfigurationExtensionSupport - Spring Data Elasticsearch - Could not safely identify store assignment for repository candidate interface com.jl.dao.TypeRepository.
2020-03-20 10:53:31.015 [restartedMain] INFO  o.s.d.r.c.RepositoryConfigurationExtensionSupport - Spring Data Elasticsearch - Could not safely identify store assignment for repository candidate interface com.jl.dao.UserRepository.
2020-03-20 10:53:31.016 [restartedMain] INFO  o.s.d.r.config.RepositoryConfigurationDelegate - Finished Spring Data repository scanning in 78ms. Found 0 repository interfaces.
2020-03-20 10:53:31.032 [restartedMain] INFO  o.s.d.r.config.RepositoryConfigurationDelegate - Multiple Spring Data modules found, entering strict repository configuration mode!
2020-03-20 10:53:31.033 [restartedMain] INFO  o.s.d.r.config.RepositoryConfigurationDelegate - Bootstrapping Spring Data repositories in DEFAULT mode.
2020-03-20 10:53:31.205 [restartedMain] INFO  o.s.d.r.config.RepositoryConfigurationDelegate - Finished Spring Data repository scanning in 166ms. Found 5 repository interfaces.
2020-03-20 10:53:31.803 [restartedMain] INFO  o.s.c.s.PostProcessorRegistrationDelegate$BeanPostProcessorChecker - Bean 'org.springframework.transaction.annotation.ProxyTransactionManagementConfiguration' of type [org.springframework.transaction.annotation.ProxyTransactionManagementConfiguration$$EnhancerBySpringCGLIB$$c4717e4a] is not eligible for getting processed by all BeanPostProcessors (for example: not eligible for auto-proxying)
2020-03-20 10:53:32.641 [restartedMain] INFO  o.s.boot.web.embedded.tomcat.TomcatWebServer - Tomcat initialized with port(s): 80 (http)
2020-03-20 10:53:32.670 [restartedMain] INFO  org.apache.coyote.http11.Http11NioProtocol - Initializing ProtocolHandler ["http-nio-80"]
2020-03-20 10:53:32.693 [restartedMain] INFO  org.apache.catalina.core.StandardService - Starting service [Tomcat]
2020-03-20 10:53:32.693 [restartedMain] INFO  org.apache.catalina.core.StandardEngine - Starting Servlet engine: [Apache Tomcat/9.0.22]
2020-03-20 10:53:32.910 [restartedMain] INFO  o.a.c.core.ContainerBase.[Tomcat].[localhost].[/] - Initializing Spring embedded WebApplicationContext
2020-03-20 10:53:32.911 [restartedMain] INFO  org.springframework.web.context.ContextLoader - Root WebApplicationContext: initialization completed in 3154 ms
2020-03-20 10:53:33.291 [restartedMain] INFO  com.zaxxer.hikari.HikariDataSource - HikariPool-1 - Starting...
2020-03-20 10:53:34.643 [restartedMain] INFO  org.hibernate.jpa.internal.util.LogHelper - HHH000204: Processing PersistenceUnitInfo [
	name: default
	...]
2020-03-20 10:53:34.751 [restartedMain] INFO  org.hibernate.Version - HHH000412: Hibernate Core {5.3.10.Final}
2020-03-20 10:53:34.752 [restartedMain] INFO  org.hibernate.cfg.Environment - HHH000206: hibernate.properties not found
2020-03-20 10:53:34.989 [restartedMain] INFO  org.hibernate.annotations.common.Version - HCANN000001: Hibernate Commons Annotations {5.0.4.Final}
2020-03-20 10:53:35.311 [restartedMain] INFO  com.zaxxer.hikari.HikariDataSource - HikariPool-1 - Starting...
2020-03-20 10:53:36.349 [restartedMain] INFO  org.apache.catalina.core.StandardService - Stopping service [Tomcat]
2020-03-20 10:53:36.360 [restartedMain] INFO  o.s.b.a.l.ConditionEvaluationReportLoggingListener - 

Error starting ApplicationContext. To display the conditions report re-run your application with 'debug' enabled.
2020-03-20 10:58:49.100 [restartedMain] INFO  com.jl.BlogApplication - Starting BlogApplication on AI_jianglei_ccs with PID 7280 (D:\Channel_centralization-20190815\blog\target\classes started by 24246 in D:\Channel_centralization-20190815\blog)
2020-03-20 10:58:49.103 [restartedMain] INFO  com.jl.BlogApplication - The following profiles are active: dev
2020-03-20 10:58:49.167 [restartedMain] INFO  o.s.b.d.env.DevToolsPropertyDefaultsPostProcessor - Devtools property defaults active! Set 'spring.devtools.add-properties' to 'false' to disable
2020-03-20 10:58:49.167 [restartedMain] INFO  o.s.b.d.env.DevToolsPropertyDefaultsPostProcessor - For additional web related logging consider setting the 'logging.level.web' property to 'DEBUG'
2020-03-20 10:58:50.374 [restartedMain] INFO  o.s.d.r.config.RepositoryConfigurationDelegate - Multiple Spring Data modules found, entering strict repository configuration mode!
2020-03-20 10:58:50.375 [restartedMain] INFO  o.s.d.r.config.RepositoryConfigurationDelegate - Bootstrapping Spring Data repositories in DEFAULT mode.
2020-03-20 10:58:50.454 [restartedMain] INFO  o.s.d.r.c.RepositoryConfigurationExtensionSupport - Spring Data Elasticsearch - Could not safely identify store assignment for repository candidate interface com.jl.dao.BlogRepository.
2020-03-20 10:58:50.456 [restartedMain] INFO  o.s.d.r.c.RepositoryConfigurationExtensionSupport - Spring Data Elasticsearch - Could not safely identify store assignment for repository candidate interface com.jl.dao.CommentRepository.
2020-03-20 10:58:50.458 [restartedMain] INFO  o.s.d.r.c.RepositoryConfigurationExtensionSupport - Spring Data Elasticsearch - Could not safely identify store assignment for repository candidate interface com.jl.dao.TagRepository.
2020-03-20 10:58:50.460 [restartedMain] INFO  o.s.d.r.c.RepositoryConfigurationExtensionSupport - Spring Data Elasticsearch - Could not safely identify store assignment for repository candidate interface com.jl.dao.TypeRepository.
2020-03-20 10:58:50.463 [restartedMain] INFO  o.s.d.r.c.RepositoryConfigurationExtensionSupport - Spring Data Elasticsearch - Could not safely identify store assignment for repository candidate interface com.jl.dao.UserRepository.
2020-03-20 10:58:50.464 [restartedMain] INFO  o.s.d.r.config.RepositoryConfigurationDelegate - Finished Spring Data repository scanning in 82ms. Found 0 repository interfaces.
2020-03-20 10:58:50.475 [restartedMain] INFO  o.s.d.r.config.RepositoryConfigurationDelegate - Multiple Spring Data modules found, entering strict repository configuration mode!
2020-03-20 10:58:50.475 [restartedMain] INFO  o.s.d.r.config.RepositoryConfigurationDelegate - Bootstrapping Spring Data repositories in DEFAULT mode.
2020-03-20 10:58:50.609 [restartedMain] INFO  o.s.d.r.config.RepositoryConfigurationDelegate - Finished Spring Data repository scanning in 130ms. Found 5 repository interfaces.
2020-03-20 10:58:51.266 [restartedMain] INFO  o.s.c.s.PostProcessorRegistrationDelegate$BeanPostProcessorChecker - Bean 'org.springframework.transaction.annotation.ProxyTransactionManagementConfiguration' of type [org.springframework.transaction.annotation.ProxyTransactionManagementConfiguration$$EnhancerBySpringCGLIB$$87d9ec5d] is not eligible for getting processed by all BeanPostProcessors (for example: not eligible for auto-proxying)
2020-03-20 10:58:52.127 [restartedMain] INFO  o.s.boot.web.embedded.tomcat.TomcatWebServer - Tomcat initialized with port(s): 80 (http)
2020-03-20 10:58:52.150 [restartedMain] INFO  org.apache.coyote.http11.Http11NioProtocol - Initializing ProtocolHandler ["http-nio-80"]
2020-03-20 10:58:52.166 [restartedMain] INFO  org.apache.catalina.core.StandardService - Starting service [Tomcat]
2020-03-20 10:58:52.167 [restartedMain] INFO  org.apache.catalina.core.StandardEngine - Starting Servlet engine: [Apache Tomcat/9.0.22]
2020-03-20 10:58:52.435 [restartedMain] INFO  o.a.c.core.ContainerBase.[Tomcat].[localhost].[/] - Initializing Spring embedded WebApplicationContext
2020-03-20 10:58:52.435 [restartedMain] INFO  org.springframework.web.context.ContextLoader - Root WebApplicationContext: initialization completed in 3268 ms
2020-03-20 10:58:52.724 [restartedMain] INFO  com.zaxxer.hikari.HikariDataSource - HikariPool-1 - Starting...
2020-03-20 10:58:53.065 [restartedMain] INFO  com.zaxxer.hikari.HikariDataSource - HikariPool-1 - Start completed.
2020-03-20 10:58:53.148 [restartedMain] INFO  org.hibernate.jpa.internal.util.LogHelper - HHH000204: Processing PersistenceUnitInfo [
	name: default
	...]
2020-03-20 10:58:53.252 [restartedMain] INFO  org.hibernate.Version - HHH000412: Hibernate Core {5.3.10.Final}
2020-03-20 10:58:53.254 [restartedMain] INFO  org.hibernate.cfg.Environment - HHH000206: hibernate.properties not found
2020-03-20 10:58:53.465 [restartedMain] INFO  org.hibernate.annotations.common.Version - HCANN000001: Hibernate Commons Annotations {5.0.4.Final}
2020-03-20 10:58:53.856 [restartedMain] INFO  org.hibernate.dialect.Dialect - HHH000400: Using dialect: org.hibernate.dialect.MySQL5Dialect
2020-03-20 10:58:55.242 [restartedMain] INFO  o.s.orm.jpa.LocalContainerEntityManagerFactoryBean - Initialized JPA EntityManagerFactory for persistence unit 'default'
2020-03-20 10:58:55.382 [restartedMain] INFO  o.s.b.d.autoconfigure.OptionalLiveReloadServer - LiveReload server is running on port 35729
2020-03-20 10:58:55.944 [restartedMain] INFO  o.h.hql.internal.QueryTranslatorFactoryInitiator - HHH000397: Using ASTQueryTranslatorFactory
2020-03-20 10:58:57.052 [restartedMain] INFO  o.s.scheduling.concurrent.ThreadPoolTaskExecutor - Initializing ExecutorService 'applicationTaskExecutor'
2020-03-20 10:58:57.229 [restartedMain] INFO  o.s.b.a.web.servlet.WelcomePageHandlerMapping - Adding welcome page template: index
2020-03-20 10:58:58.398 [restartedMain] INFO  org.apache.coyote.http11.Http11NioProtocol - Starting ProtocolHandler ["http-nio-80"]
2020-03-20 10:58:58.424 [restartedMain] INFO  o.s.boot.web.embedded.tomcat.TomcatWebServer - Tomcat started on port(s): 80 (http) with context path ''
2020-03-20 10:58:58.430 [restartedMain] INFO  com.jl.BlogApplication - Started BlogApplication in 10.304 seconds (JVM running for 12.304)
2020-03-20 11:01:24.494 [restartedMain] INFO  com.jl.BlogApplication - Starting BlogApplication on AI_jianglei_ccs with PID 8168 (D:\Channel_centralization-20190815\blog\target\classes started by 24246 in D:\Channel_centralization-20190815\blog)
2020-03-20 11:01:24.497 [restartedMain] INFO  com.jl.BlogApplication - The following profiles are active: dev
2020-03-20 11:01:24.581 [restartedMain] INFO  o.s.b.d.env.DevToolsPropertyDefaultsPostProcessor - Devtools property defaults active! Set 'spring.devtools.add-properties' to 'false' to disable
2020-03-20 11:01:24.582 [restartedMain] INFO  o.s.b.d.env.DevToolsPropertyDefaultsPostProcessor - For additional web related logging consider setting the 'logging.level.web' property to 'DEBUG'
2020-03-20 11:01:25.778 [restartedMain] INFO  o.s.d.r.config.RepositoryConfigurationDelegate - Multiple Spring Data modules found, entering strict repository configuration mode!
2020-03-20 11:01:25.781 [restartedMain] INFO  o.s.d.r.config.RepositoryConfigurationDelegate - Bootstrapping Spring Data repositories in DEFAULT mode.
2020-03-20 11:01:25.868 [restartedMain] INFO  o.s.d.r.c.RepositoryConfigurationExtensionSupport - Spring Data Elasticsearch - Could not safely identify store assignment for repository candidate interface com.jl.dao.BlogRepository.
2020-03-20 11:01:25.871 [restartedMain] INFO  o.s.d.r.c.RepositoryConfigurationExtensionSupport - Spring Data Elasticsearch - Could not safely identify store assignment for repository candidate interface com.jl.dao.CommentRepository.
2020-03-20 11:01:25.872 [restartedMain] INFO  o.s.d.r.c.RepositoryConfigurationExtensionSupport - Spring Data Elasticsearch - Could not safely identify store assignment for repository candidate interface com.jl.dao.TagRepository.
2020-03-20 11:01:25.874 [restartedMain] INFO  o.s.d.r.c.RepositoryConfigurationExtensionSupport - Spring Data Elasticsearch - Could not safely identify store assignment for repository candidate interface com.jl.dao.TypeRepository.
2020-03-20 11:01:25.876 [restartedMain] INFO  o.s.d.r.c.RepositoryConfigurationExtensionSupport - Spring Data Elasticsearch - Could not safely identify store assignment for repository candidate interface com.jl.dao.UserRepository.
2020-03-20 11:01:25.877 [restartedMain] INFO  o.s.d.r.config.RepositoryConfigurationDelegate - Finished Spring Data repository scanning in 91ms. Found 0 repository interfaces.
2020-03-20 11:01:25.888 [restartedMain] INFO  o.s.d.r.config.RepositoryConfigurationDelegate - Multiple Spring Data modules found, entering strict repository configuration mode!
2020-03-20 11:01:25.888 [restartedMain] INFO  o.s.d.r.config.RepositoryConfigurationDelegate - Bootstrapping Spring Data repositories in DEFAULT mode.
2020-03-20 11:01:26.031 [restartedMain] INFO  o.s.d.r.config.RepositoryConfigurationDelegate - Finished Spring Data repository scanning in 139ms. Found 5 repository interfaces.
2020-03-20 11:01:26.624 [restartedMain] INFO  o.s.c.s.PostProcessorRegistrationDelegate$BeanPostProcessorChecker - Bean 'org.springframework.transaction.annotation.ProxyTransactionManagementConfiguration' of type [org.springframework.transaction.annotation.ProxyTransactionManagementConfiguration$$EnhancerBySpringCGLIB$$ad19588c] is not eligible for getting processed by all BeanPostProcessors (for example: not eligible for auto-proxying)
2020-03-20 11:01:27.528 [restartedMain] INFO  o.s.boot.web.embedded.tomcat.TomcatWebServer - Tomcat initialized with port(s): 80 (http)
2020-03-20 11:01:27.550 [restartedMain] INFO  org.apache.coyote.http11.Http11NioProtocol - Initializing ProtocolHandler ["http-nio-80"]
2020-03-20 11:01:27.572 [restartedMain] INFO  org.apache.catalina.core.StandardService - Starting service [Tomcat]
2020-03-20 11:01:27.573 [restartedMain] INFO  org.apache.catalina.core.StandardEngine - Starting Servlet engine: [Apache Tomcat/9.0.22]
2020-03-20 11:01:27.797 [restartedMain] INFO  o.a.c.core.ContainerBase.[Tomcat].[localhost].[/] - Initializing Spring embedded WebApplicationContext
2020-03-20 11:01:27.797 [restartedMain] INFO  org.springframework.web.context.ContextLoader - Root WebApplicationContext: initialization completed in 3215 ms
2020-03-20 11:01:28.098 [restartedMain] INFO  com.zaxxer.hikari.HikariDataSource - HikariPool-1 - Starting...
2020-03-20 11:01:28.460 [restartedMain] INFO  com.zaxxer.hikari.HikariDataSource - HikariPool-1 - Start completed.
2020-03-20 11:01:28.549 [restartedMain] INFO  org.hibernate.jpa.internal.util.LogHelper - HHH000204: Processing PersistenceUnitInfo [
	name: default
	...]
2020-03-20 11:01:28.647 [restartedMain] INFO  org.hibernate.Version - HHH000412: Hibernate Core {5.3.10.Final}
2020-03-20 11:01:28.648 [restartedMain] INFO  org.hibernate.cfg.Environment - HHH000206: hibernate.properties not found
2020-03-20 11:01:28.860 [restartedMain] INFO  org.hibernate.annotations.common.Version - HCANN000001: Hibernate Commons Annotations {5.0.4.Final}
2020-03-20 11:01:29.200 [restartedMain] INFO  org.hibernate.dialect.Dialect - HHH000400: Using dialect: org.hibernate.dialect.MySQL5Dialect
2020-03-20 11:01:32.041 [restartedMain] INFO  o.s.orm.jpa.LocalContainerEntityManagerFactoryBean - Initialized JPA EntityManagerFactory for persistence unit 'default'
2020-03-20 11:01:32.168 [restartedMain] INFO  o.s.b.d.autoconfigure.OptionalLiveReloadServer - LiveReload server is running on port 35729
2020-03-20 11:01:32.726 [restartedMain] INFO  o.h.hql.internal.QueryTranslatorFactoryInitiator - HHH000397: Using ASTQueryTranslatorFactory
2020-03-20 11:01:33.876 [restartedMain] INFO  o.s.scheduling.concurrent.ThreadPoolTaskExecutor - Initializing ExecutorService 'applicationTaskExecutor'
2020-03-20 11:01:34.064 [restartedMain] INFO  o.s.b.a.web.servlet.WelcomePageHandlerMapping - Adding welcome page template: index
2020-03-20 11:01:35.454 [restartedMain] INFO  org.apache.coyote.http11.Http11NioProtocol - Starting ProtocolHandler ["http-nio-80"]
2020-03-20 11:01:35.479 [restartedMain] INFO  o.s.boot.web.embedded.tomcat.TomcatWebServer - Tomcat started on port(s): 80 (http) with context path ''
2020-03-20 11:01:35.482 [restartedMain] INFO  com.jl.BlogApplication - Started BlogApplication in 12.143 seconds (JVM running for 14.168)
2020-03-20 11:01:50.879 [http-nio-80-exec-1] INFO  o.a.c.core.ContainerBase.[Tomcat].[localhost].[/] - Initializing Spring DispatcherServlet 'dispatcherServlet'
2020-03-20 11:01:50.880 [http-nio-80-exec-1] INFO  org.springframework.web.servlet.DispatcherServlet - Initializing Servlet 'dispatcherServlet'
2020-03-20 11:01:50.909 [http-nio-80-exec-1] INFO  org.springframework.web.servlet.DispatcherServlet - Completed initialization in 29 ms
2020-03-20 11:01:50.972 [http-nio-80-exec-1] INFO  com.jl.asspect.LogAspect - Request :RequestLog{url='http://localhost/', ip='0:0:0:0:0:0:0:1', classMethod='com.jl.web.IndexController.index', args=[Page request [number: 0, size 8, sort: updateTime: DESC], {}]}
2020-03-20 11:01:51.718 [http-nio-80-exec-1] INFO  com.jl.asspect.LogAspect - --------------------doAfter-----------------
2020-03-20 11:01:51.719 [http-nio-80-exec-1] INFO  com.jl.asspect.LogAspect - Result : index
2020-03-20 11:01:53.573 [http-nio-80-exec-5] INFO  com.jl.asspect.LogAspect - Request :RequestLog{url='http://localhost/footer/newblog', ip='0:0:0:0:0:0:0:1', classMethod='com.jl.web.IndexController.newblogs', args=[{}]}
2020-03-20 11:01:53.668 [http-nio-80-exec-5] INFO  com.jl.asspect.LogAspect - --------------------doAfter-----------------
2020-03-20 11:01:53.668 [http-nio-80-exec-5] INFO  com.jl.asspect.LogAspect - Result : _fragments :: newblogList
2020-03-20 11:02:09.852 [http-nio-80-exec-8] INFO  com.jl.asspect.LogAspect - Request :RequestLog{url='http://localhost/', ip='0:0:0:0:0:0:0:1', classMethod='com.jl.web.IndexController.index', args=[Page request [number: 0, size 8, sort: updateTime: DESC], {}]}
2020-03-20 11:02:10.476 [http-nio-80-exec-8] INFO  com.jl.asspect.LogAspect - --------------------doAfter-----------------
2020-03-20 11:02:10.479 [http-nio-80-exec-8] INFO  com.jl.asspect.LogAspect - Result : index
2020-03-20 11:02:11.127 [http-nio-80-exec-9] INFO  com.jl.asspect.LogAspect - Request :RequestLog{url='http://localhost/footer/newblog', ip='0:0:0:0:0:0:0:1', classMethod='com.jl.web.IndexController.newblogs', args=[{}]}
2020-03-20 11:02:11.226 [http-nio-80-exec-9] INFO  com.jl.asspect.LogAspect - --------------------doAfter-----------------
2020-03-20 11:02:11.226 [http-nio-80-exec-9] INFO  com.jl.asspect.LogAspect - Result : _fragments :: newblogList
